Using pre-set license
Built from '2020.3/staging' branch; Version is '2020.3.17f1 (a4537701e4ab) revision 10769271'; Using compiler version '192528614'; Build Type 'Release'
OS: 'Windows 10 Home; OS build 19044.1706; Version 2009; 64bit' Language: 'ru' Physical Memory: 16314 MB
BatchMode: 1, IsHumanControllingUs: 0, StartBugReporterOnCrash: 0, Is64bit: 1, IsPro: 0

COMMAND LINE ARGUMENTS:
C:\Program Files\Unity\Hub\Editor\2020.3.17f1\Editor\Unity.exe
-adb2
-batchMode
-noUpm
-name
AssetImportWorker0
-projectPath
F:/UnityProject/BattleShip
-logFile
Logs/AssetImportWorker0.log
-srvPort
52544
Successfully changed project path to: F:/UnityProject/BattleShip
F:/UnityProject/BattleShip
Using Asset Import Pipeline V2.
Refreshing native plugins compatible for Editor in 35.12 ms, found 2 plugins.
Preloading 0 native plugins for Editor in 0.00 ms.
Initialize engine version: 2020.3.17f1 (a4537701e4ab)
[Subsystems] Discovering subsystems at path C:/Program Files/Unity/Hub/Editor/2020.3.17f1/Editor/Data/Resources/UnitySubsystems
[Subsystems] Discovering subsystems at path F:/UnityProject/BattleShip/Assets
GfxDevice: creating device client; threaded=0
Direct3D:
    Version:  Direct3D 11.0 [level 11.1]
    Renderer: NVIDIA GeForce GTX 1660 SUPER (ID=0x21c4)
    Vendor:   
    VRAM:     5991 MB
    Driver:   30.0.15.1179
Initialize mono
Mono path[0] = 'C:/Program Files/Unity/Hub/Editor/2020.3.17f1/Editor/Data/Managed'
Mono path[1] = 'C:/Program Files/Unity/Hub/Editor/2020.3.17f1/Editor/Data/MonoBleedingEdge/lib/mono/unityjit'
Mono config path = 'C:/Program Files/Unity/Hub/Editor/2020.3.17f1/Editor/Data/MonoBleedingEdge/etc'
Using monoOptions --debugger-agent=transport=dt_socket,embedding=1,server=y,suspend=n,address=127.0.0.1:56960
Begin MonoManager ReloadAssembly
Registering precompiled unity dll's ...
Register platform support module: C:/Program Files/Unity/Hub/Editor/2020.3.17f1/Editor/Data/PlaybackEngines/WindowsStandaloneSupport/UnityEditor.WindowsStandalone.Extensions.dll
Registered in 0.003062 seconds.
Native extension for WindowsStandalone target not found
Refreshing native plugins compatible for Editor in 32.55 ms, found 2 plugins.
Preloading 0 native plugins for Editor in 0.00 ms.
Mono: successfully reloaded assembly
- Completed reload, in  3.025 seconds
Domain Reload Profiling:
	ReloadAssembly (3025ms)
		BeginReloadAssembly (68ms)
			ExecutionOrderSort (0ms)
			DisableScriptedObjects (0ms)
			BackupInstance (0ms)
			ReleaseScriptingObjects (0ms)
			CreateAndSetChildDomain (1ms)
		EndReloadAssembly (470ms)
			LoadAssemblies (64ms)
			RebuildTransferFunctionScriptingTraits (0ms)
			SetupTypeCache (170ms)
			ReleaseScriptCaches (0ms)
			RebuildScriptCaches (32ms)
			SetupLoadedEditorAssemblies (175ms)
				LogAssemblyErrors (0ms)
				InitializePlatformSupportModulesInManaged (5ms)
				SetLoadedEditorAssemblies (0ms)
				RefreshPlugins (33ms)
				BeforeProcessingInitializeOnLoad (9ms)
				ProcessInitializeOnLoadAttributes (94ms)
				ProcessInitializeOnLoadMethodAttributes (34ms)
				AfterProcessingInitializeOnLoad (0ms)
				EditorAssembliesLoaded (0ms)
			ExecutionOrderSort2 (0ms)
			AwakeInstancesAfterBackupRestoration (0ms)
Platform modules already initialized, skipping
Registering precompiled user dll's ...
Registered in 0.003648 seconds.
Begin MonoManager ReloadAssembly
Native extension for WindowsStandalone target not found
Refreshing native plugins compatible for Editor in 0.38 ms, found 2 plugins.
Preloading 0 native plugins for Editor in 0.00 ms.
Mono: successfully reloaded assembly
- Completed reload, in  1.279 seconds
Domain Reload Profiling:
	ReloadAssembly (1280ms)
		BeginReloadAssembly (171ms)
			ExecutionOrderSort (0ms)
			DisableScriptedObjects (5ms)
			BackupInstance (0ms)
			ReleaseScriptingObjects (0ms)
			CreateAndSetChildDomain (20ms)
		EndReloadAssembly (1031ms)
			LoadAssemblies (99ms)
			RebuildTransferFunctionScriptingTraits (0ms)
			SetupTypeCache (320ms)
			ReleaseScriptCaches (1ms)
			RebuildScriptCaches (50ms)
			SetupLoadedEditorAssemblies (451ms)
				LogAssemblyErrors (0ms)
				InitializePlatformSupportModulesInManaged (6ms)
				SetLoadedEditorAssemblies (1ms)
				RefreshPlugins (0ms)
				BeforeProcessingInitializeOnLoad (65ms)
				ProcessInitializeOnLoadAttributes (362ms)
				ProcessInitializeOnLoadMethodAttributes (5ms)
				AfterProcessingInitializeOnLoad (11ms)
				EditorAssembliesLoaded (0ms)
			ExecutionOrderSort2 (0ms)
			AwakeInstancesAfterBackupRestoration (8ms)
Platform modules already initialized, skipping
========================================================================
Worker process is ready to serve import requests
Launched and connected shader compiler UnityShaderCompiler.exe after 0.07 seconds
Refreshing native plugins compatible for Editor in 0.38 ms, found 2 plugins.
Preloading 0 native plugins for Editor in 0.00 ms.
Unloading 1422 Unused Serialized files (Serialized files now loaded: 0)
System memory in use before: 67.9 MB.
System memory in use after: 67.9 MB.

Unloading 18 unused Assets to reduce memory usage. Loaded Objects now: 1856.
Total: 4.945500 ms (FindLiveObjects: 0.285200 ms CreateObjectMapping: 0.057700 ms MarkObjects: 4.492900 ms  DeleteObjects: 0.107700 ms)

AssetImportParameters requested are different than current active one (requested -> active):
  custom:framework-win-MediaFoundation: 216162199b28c13a410421893ffa2e32 -> 
  custom:video-decoder-ogg-theora: a1e56fd34408186e4bbccfd4996cb3dc -> 
  custom:container-muxer-webm: aa71ff27fc2769a1b78a27578f13a17b -> 
  custom:container-demuxer-webm: 4f35f7cbe854078d1ac9338744f61a02 -> 
  custom:container-demuxer-ogg: 62fdf1f143b41e24485cea50d1cbac27 -> 
  custom:video-encoder-webm-vp8: eb34c28f22e8b96e1ab97ce403110664 -> 
  custom:video-decoder-webm-vp8: 9c59270c3fd7afecdb556c50c9e8de78 -> 
  custom:audio-decoder-ogg-vorbis: bf7c407c2cedff20999df2af8eb42d56 -> 
  custom:audio-encoder-webm-vorbis: bf7c407c2cedff20999df2af8eb42d56 -> 
========================================================================
Received Import Request.
  path: Assets/Sprites/Ship1Button.jpg
  artifactKey: Guid(d321e1f7d1aeaf841845c7207b073fbe) Importer(815301076,1909f56bfc062723c751e8b465ee728b)
Start importing Assets/Sprites/Ship1Button.jpg using Guid(d321e1f7d1aeaf841845c7207b073fbe) Importer(815301076,1909f56bfc062723c751e8b465ee728b)  -> (artifact id: 'd5ae6abfbd1694fc542b0cdb49ee45f6') in 0.115766 seconds 
  Import took 0.118939 seconds .

========================================================================
Received Import Request.
  Time since last request: 0.000220 seconds.
  path: Assets/Sprites/Ship2Button.jpg
  artifactKey: Guid(6f2663f688c756347abcb1155e43cda6) Importer(815301076,1909f56bfc062723c751e8b465ee728b)
Start importing Assets/Sprites/Ship2Button.jpg using Guid(6f2663f688c756347abcb1155e43cda6) Importer(815301076,1909f56bfc062723c751e8b465ee728b)  -> (artifact id: 'bd5ca8cc1071392251e7ee436ae8549b') in 0.018163 seconds 
  Import took 0.020542 seconds .

========================================================================
Received Import Request.
  Time since last request: 5.986558 seconds.
  path: Assets/Sprites/Ship3Button.jpg
  artifactKey: Guid(e29fc397540d2cc46a54a6bf051b5832) Importer(815301076,1909f56bfc062723c751e8b465ee728b)
Start importing Assets/Sprites/Ship3Button.jpg using Guid(e29fc397540d2cc46a54a6bf051b5832) Importer(815301076,1909f56bfc062723c751e8b465ee728b)  -> (artifact id: '8e4410fa1d158e7667d83cb77a47777e') in 0.020734 seconds 
  Import took 0.023529 seconds .

========================================================================
Received Import Request.
  Time since last request: 0.001219 seconds.
  path: Assets/Sprites/Ship3Button.jpg
  artifactKey: Guid(e29fc397540d2cc46a54a6bf051b5832) Importer(815301076,1909f56bfc062723c751e8b465ee728b)
Start importing Assets/Sprites/Ship3Button.jpg using Guid(e29fc397540d2cc46a54a6bf051b5832) Importer(815301076,1909f56bfc062723c751e8b465ee728b)  -> (artifact id: '8e4410fa1d158e7667d83cb77a47777e') in 0.021360 seconds 
  Import took 0.024009 seconds .

========================================================================
Received Prepare
Registering precompiled user dll's ...
Registered in 0.003471 seconds.
Begin MonoManager ReloadAssembly
Native extension for WindowsStandalone target not found
Refreshing native plugins compatible for Editor in 0.39 ms, found 2 plugins.
Preloading 0 native plugins for Editor in 0.00 ms.
Mono: successfully reloaded assembly
- Completed reload, in  1.154 seconds
Domain Reload Profiling:
	ReloadAssembly (1154ms)
		BeginReloadAssembly (129ms)
			ExecutionOrderSort (0ms)
			DisableScriptedObjects (5ms)
			BackupInstance (0ms)
			ReleaseScriptingObjects (0ms)
			CreateAndSetChildDomain (34ms)
		EndReloadAssembly (949ms)
			LoadAssemblies (95ms)
			RebuildTransferFunctionScriptingTraits (0ms)
			SetupTypeCache (294ms)
			ReleaseScriptCaches (1ms)
			RebuildScriptCaches (39ms)
			SetupLoadedEditorAssemblies (398ms)
				LogAssemblyErrors (0ms)
				InitializePlatformSupportModulesInManaged (5ms)
				SetLoadedEditorAssemblies (0ms)
				RefreshPlugins (0ms)
				BeforeProcessingInitializeOnLoad (56ms)
				ProcessInitializeOnLoadAttributes (321ms)
				ProcessInitializeOnLoadMethodAttributes (4ms)
				AfterProcessingInitializeOnLoad (11ms)
				EditorAssembliesLoaded (0ms)
			ExecutionOrderSort2 (0ms)
			AwakeInstancesAfterBackupRestoration (8ms)
Platform modules already initialized, skipping
Switching build target platform(19) subTarget(0) extendedPlatform(0) -> platform(13) subTarget(589824) extendedPlatform(0)
Refreshing native plugins compatible for Editor in 0.38 ms, found 2 plugins.
Preloading 0 native plugins for Editor in 0.00 ms.
Unloading 1406 Unused Serialized files (Serialized files now loaded: 0)
System memory in use before: 69.2 MB.
System memory in use after: 69.4 MB.

Unloading 13 unused Assets to reduce memory usage. Loaded Objects now: 1864.
Total: 3.240900 ms (FindLiveObjects: 0.184400 ms CreateObjectMapping: 0.034800 ms MarkObjects: 2.997700 ms  DeleteObjects: 0.022500 ms)

AssetImportParameters requested are different than current active one (requested -> active):
  custom:framework-win-MediaFoundation: 216162199b28c13a410421893ffa2e32 -> 
  custom:video-decoder-ogg-theora: a1e56fd34408186e4bbccfd4996cb3dc -> 
  custom:container-muxer-webm: aa71ff27fc2769a1b78a27578f13a17b -> 
  custom:container-demuxer-webm: 4f35f7cbe854078d1ac9338744f61a02 -> 
  custom:container-demuxer-ogg: 62fdf1f143b41e24485cea50d1cbac27 -> 
  custom:video-encoder-webm-vp8: eb34c28f22e8b96e1ab97ce403110664 -> 
  custom:video-decoder-webm-vp8: 9c59270c3fd7afecdb556c50c9e8de78 -> 
  custom:graphics/normal-map-encoding: 01000000000000000000000000000000 -> 02000000000000000000000000000000
  custom:audio-decoder-ogg-vorbis: bf7c407c2cedff20999df2af8eb42d56 -> 
  custom:audio-encoder-webm-vorbis: bf7c407c2cedff20999df2af8eb42d56 -> 
========================================================================
Received Import Request.
  Time since last request: 70.613177 seconds.
  path: Assets/Sprites/Preset.jpg
  artifactKey: Guid(502eefe388cc5774abf94f7c87f71bfe) Importer(815301076,1909f56bfc062723c751e8b465ee728b)
Start importing Assets/Sprites/Preset.jpg using Guid(502eefe388cc5774abf94f7c87f71bfe) Importer(815301076,1909f56bfc062723c751e8b465ee728b)  -> (artifact id: '9c145bac54a428cde0cbc9f8052e2127') in 0.044688 seconds 
  Import took 0.047314 seconds .

========================================================================
Received Import Request.
  Time since last request: 17.697506 seconds.
  path: Assets/Sprites/Preset.jpg
  artifactKey: Guid(502eefe388cc5774abf94f7c87f71bfe) Importer(815301076,1909f56bfc062723c751e8b465ee728b)
Start importing Assets/Sprites/Preset.jpg using Guid(502eefe388cc5774abf94f7c87f71bfe) Importer(815301076,1909f56bfc062723c751e8b465ee728b)  -> (artifact id: 'b992017ea92ab90ad4c49c61bd69e0d7') in 0.032423 seconds 
  Import took 0.034998 seconds .

========================================================================
Received Import Request.
  Time since last request: 11.956719 seconds.
  path: Assets/Sprites/Ship1.jpg
  artifactKey: Guid(3418fb7f494668c46b930d0595de175c) Importer(815301076,1909f56bfc062723c751e8b465ee728b)
Start importing Assets/Sprites/Ship1.jpg using Guid(3418fb7f494668c46b930d0595de175c) Importer(815301076,1909f56bfc062723c751e8b465ee728b)  -> (artifact id: '89cef79dbff012ae2493c00952c61f7b') in 0.017931 seconds 
  Import took 0.020614 seconds .

========================================================================
Received Import Request.
  Time since last request: 2.916945 seconds.
  path: Assets/Sprites/Ship4Button.jpg
  artifactKey: Guid(09d71ae3688fbfe4fac0e84ee222d48b) Importer(815301076,1909f56bfc062723c751e8b465ee728b)
Start importing Assets/Sprites/Ship4Button.jpg using Guid(09d71ae3688fbfe4fac0e84ee222d48b) Importer(815301076,1909f56bfc062723c751e8b465ee728b)  -> (artifact id: '3101a67cc77d8be3cfafa97e31232a1e') in 0.027551 seconds 
  Import took 0.030061 seconds .

========================================================================
Received Import Request.
  Time since last request: 0.661188 seconds.
  path: Assets/Sprites/Next.jpg
  artifactKey: Guid(6a09d07ced01881488c54c6a68431ab3) Importer(815301076,1909f56bfc062723c751e8b465ee728b)
Start importing Assets/Sprites/Next.jpg using Guid(6a09d07ced01881488c54c6a68431ab3) Importer(815301076,1909f56bfc062723c751e8b465ee728b)  -> (artifact id: 'e9b416f8d5db5d9998cb0bf34f894682') in 0.018869 seconds 
  Import took 0.021440 seconds .

========================================================================
Received Import Request.
  Time since last request: 10.859717 seconds.
  path: Assets/Sprites/Next.jpg
  artifactKey: Guid(6a09d07ced01881488c54c6a68431ab3) Importer(815301076,1909f56bfc062723c751e8b465ee728b)
Start importing Assets/Sprites/Next.jpg using Guid(6a09d07ced01881488c54c6a68431ab3) Importer(815301076,1909f56bfc062723c751e8b465ee728b)  -> (artifact id: '73cff048b49c0d040b2a9801c9acd5ca') in 0.017707 seconds 
  Import took 0.021016 seconds .

========================================================================
Received Import Request.
  Time since last request: 14.767770 seconds.
  path: Assets/Scenes
  artifactKey: Guid(9082e2bd56d1a7c4b9bc564c57b82ea5) Importer(815301076,1909f56bfc062723c751e8b465ee728b)
Start importing Assets/Scenes using Guid(9082e2bd56d1a7c4b9bc564c57b82ea5) Importer(815301076,1909f56bfc062723c751e8b465ee728b)  -> (artifact id: 'b995bbc46c626b2d59641635ad44ef72') in 0.007464 seconds 
  Import took 0.010090 seconds .

========================================================================
Received Import Request.
  Time since last request: 2.862751 seconds.
  path: Assets/Scenes/SampleScene.unity
  artifactKey: Guid(9fc0d4010bbf28b4594072e72b8655ab) Importer(815301076,1909f56bfc062723c751e8b465ee728b)
Start importing Assets/Scenes/SampleScene.unity using Guid(9fc0d4010bbf28b4594072e72b8655ab) Importer(815301076,1909f56bfc062723c751e8b465ee728b)  -> (artifact id: 'adf0bef58176ba186a85a73e234bc95f') in 0.006532 seconds 
  Import took 0.009114 seconds .

========================================================================
Received Import Request.
  Time since last request: 16.599283 seconds.
  path: Assets/Scenes/Main.unity
  artifactKey: Guid(c8a7e9f3ecc0f6847b010870145ca0b4) Importer(815301076,1909f56bfc062723c751e8b465ee728b)
Start importing Assets/Scenes/Main.unity using Guid(c8a7e9f3ecc0f6847b010870145ca0b4) Importer(815301076,1909f56bfc062723c751e8b465ee728b)  -> (artifact id: 'd893ec9a3887180f69338fb086e197d7') in 0.006105 seconds 
  Import took 0.008596 seconds .

========================================================================
Received Import Request.
  Time since last request: 4.261878 seconds.
  path: Assets/Scenes/SampleScene.unity
  artifactKey: Guid(9fc0d4010bbf28b4594072e72b8655ab) Importer(815301076,1909f56bfc062723c751e8b465ee728b)
Start importing Assets/Scenes/SampleScene.unity using Guid(9fc0d4010bbf28b4594072e72b8655ab) Importer(815301076,1909f56bfc062723c751e8b465ee728b)  -> (artifact id: '1beefb88d961bca5906663169269f359') in 0.002517 seconds 
  Import took 0.005127 seconds .

========================================================================
Received Import Request.
  Time since last request: 21.674348 seconds.
  path: Assets/Scenes/Main.unity
  artifactKey: Guid(c8a7e9f3ecc0f6847b010870145ca0b4) Importer(815301076,1909f56bfc062723c751e8b465ee728b)
Start importing Assets/Scenes/Main.unity using Guid(c8a7e9f3ecc0f6847b010870145ca0b4) Importer(815301076,1909f56bfc062723c751e8b465ee728b)  -> (artifact id: '3b2cc1f1ceed1b424b7a1c714417ab50') in 0.002451 seconds 
  Import took 0.005159 seconds .

========================================================================
Received Import Request.
  Time since last request: 395.024984 seconds.
  path: Assets/TextMesh Pro/Resources/Fonts & Materials/LiberationSans SDF.asset
  artifactKey: Guid(8f586378b4e144a9851e7b34d9b748ee) Importer(815301076,1909f56bfc062723c751e8b465ee728b)
Start importing Assets/TextMesh Pro/Resources/Fonts & Materials/LiberationSans SDF.asset using Guid(8f586378b4e144a9851e7b34d9b748ee) Importer(815301076,1909f56bfc062723c751e8b465ee728b)  -> (artifact id: 'f8b7c8c3e3c9a45adbdca63c88707d17') in 0.156820 seconds 
  Import took 0.160047 seconds .

========================================================================
Received Import Request.
  Time since last request: 0.000242 seconds.
  path: Assets/TextMesh Pro/Resources/Fonts & Materials/LiberationSans SDF - Fallback.asset
  artifactKey: Guid(2e498d1c8094910479dc3e1b768306a4) Importer(815301076,1909f56bfc062723c751e8b465ee728b)
Start importing Assets/TextMesh Pro/Resources/Fonts & Materials/LiberationSans SDF - Fallback.asset using Guid(2e498d1c8094910479dc3e1b768306a4) Importer(815301076,1909f56bfc062723c751e8b465ee728b)  -> (artifact id: '73c4f4f2da4d2ab57d901e0f40ae3f2f') in 0.017157 seconds 
  Import took 0.019949 seconds .

========================================================================
Received Import Request.
  Time since last request: 0.000243 seconds.
  path: Assets/TextMesh Pro/Resources/Fonts & Materials/LiberationSans SDF.asset
  artifactKey: Guid(8f586378b4e144a9851e7b34d9b748ee) Importer(815301076,1909f56bfc062723c751e8b465ee728b)
Start importing Assets/TextMesh Pro/Resources/Fonts & Materials/LiberationSans SDF.asset using Guid(8f586378b4e144a9851e7b34d9b748ee) Importer(815301076,1909f56bfc062723c751e8b465ee728b)  -> (artifact id: 'f8b7c8c3e3c9a45adbdca63c88707d17') in 0.037704 seconds 
  Import took 0.040906 seconds .

========================================================================
Received Import Request.
  Time since last request: 829.534433 seconds.
  path: Assets/Sprites/Ship4Button.jpg
  artifactKey: Guid(09d71ae3688fbfe4fac0e84ee222d48b) Importer(815301076,1909f56bfc062723c751e8b465ee728b)
Start importing Assets/Sprites/Ship4Button.jpg using Guid(09d71ae3688fbfe4fac0e84ee222d48b) Importer(815301076,1909f56bfc062723c751e8b465ee728b)  -> (artifact id: 'd65b8988847259a8e790b220afe03c13') in 0.019783 seconds 
  Import took 0.022655 seconds .

========================================================================
Received Import Request.
  Time since last request: 0.010179 seconds.
  path: Assets/Sprites/Ship4Button.jpg
  artifactKey: Guid(09d71ae3688fbfe4fac0e84ee222d48b) Importer(815301076,1909f56bfc062723c751e8b465ee728b)
Start importing Assets/Sprites/Ship4Button.jpg using Guid(09d71ae3688fbfe4fac0e84ee222d48b) Importer(815301076,1909f56bfc062723c751e8b465ee728b)  -> (artifact id: 'd65b8988847259a8e790b220afe03c13') in 0.023448 seconds 
  Import took 0.026454 seconds .

========================================================================
Received Import Request.
  Time since last request: 2.793011 seconds.
  path: Assets/Sprites/Ship4.jpg
  artifactKey: Guid(802cdfb13b4c5fe44927c63a86868301) Importer(815301076,1909f56bfc062723c751e8b465ee728b)
Start importing Assets/Sprites/Ship4.jpg using Guid(802cdfb13b4c5fe44927c63a86868301) Importer(815301076,1909f56bfc062723c751e8b465ee728b)  -> (artifact id: '670a74dbb2ea7254569ac6265c578044') in 0.019810 seconds 
  Import took 0.022491 seconds .

========================================================================
Received Import Request.
  Time since last request: 0.000206 seconds.
  path: Assets/Sprites/Ship3Button.jpg
  artifactKey: Guid(e29fc397540d2cc46a54a6bf051b5832) Importer(815301076,1909f56bfc062723c751e8b465ee728b)
Start importing Assets/Sprites/Ship3Button.jpg using Guid(e29fc397540d2cc46a54a6bf051b5832) Importer(815301076,1909f56bfc062723c751e8b465ee728b)  -> (artifact id: '5702f816bc2d201b8ccdb87d5f04bfe3') in 0.019544 seconds 
  Import took 0.022474 seconds .

========================================================================
Received Import Request.
  Time since last request: 0.030781 seconds.
  path: Assets/Sprites/Ship2.jpg
  artifactKey: Guid(fe95829da3eb42b43a0742e936103204) Importer(815301076,1909f56bfc062723c751e8b465ee728b)
Start importing Assets/Sprites/Ship2.jpg using Guid(fe95829da3eb42b43a0742e936103204) Importer(815301076,1909f56bfc062723c751e8b465ee728b)  -> (artifact id: '4963d6d87886193188ffa6eb25e40437') in 0.026195 seconds 
  Import took 0.028813 seconds .

========================================================================
Received Import Request.
  Time since last request: 0.000280 seconds.
  path: Assets/Sprites/Ship1Button.jpg
  artifactKey: Guid(d321e1f7d1aeaf841845c7207b073fbe) Importer(815301076,1909f56bfc062723c751e8b465ee728b)
Start importing Assets/Sprites/Ship1Button.jpg using Guid(d321e1f7d1aeaf841845c7207b073fbe) Importer(815301076,1909f56bfc062723c751e8b465ee728b)  -> (artifact id: '458e9f739893da30b8ac9927c0772de2') in 0.022951 seconds 
  Import took 0.025587 seconds .

========================================================================
Received Import Request.
  Time since last request: 0.000199 seconds.
  path: Assets/Sprites/Ship1.jpg
  artifactKey: Guid(3418fb7f494668c46b930d0595de175c) Importer(815301076,1909f56bfc062723c751e8b465ee728b)
Start importing Assets/Sprites/Ship1.jpg using Guid(3418fb7f494668c46b930d0595de175c) Importer(815301076,1909f56bfc062723c751e8b465ee728b)  -> (artifact id: 'd74d0671b2134582ec1efa95349b5180') in 0.021102 seconds 
  Import took 0.023734 seconds .

========================================================================
Received Import Request.
  Time since last request: 0.000257 seconds.
  path: Assets/Sprites/Ship3.jpg
  artifactKey: Guid(e8c41524943c2c34f89a4ba094a90a5f) Importer(815301076,1909f56bfc062723c751e8b465ee728b)
Start importing Assets/Sprites/Ship3.jpg using Guid(e8c41524943c2c34f89a4ba094a90a5f) Importer(815301076,1909f56bfc062723c751e8b465ee728b)  -> (artifact id: '3b33974f9fd26ae21020351652785c37') in 0.026657 seconds 
  Import took 0.029690 seconds .

========================================================================
Received Import Request.
  Time since last request: 0.000208 seconds.
  path: Assets/Sprites/Ship2Button.jpg
  artifactKey: Guid(6f2663f688c756347abcb1155e43cda6) Importer(815301076,1909f56bfc062723c751e8b465ee728b)
Start importing Assets/Sprites/Ship2Button.jpg using Guid(6f2663f688c756347abcb1155e43cda6) Importer(815301076,1909f56bfc062723c751e8b465ee728b)  -> (artifact id: '39e7c5f76ee5f9ab693abb04c6d94b70') in 0.017797 seconds 
  Import took 0.020179 seconds .

========================================================================
Received Import Request.
  Time since last request: 0.000196 seconds.
  path: Assets/Sprites/Rotate.jpg
  artifactKey: Guid(c3058ee3f0f33684d896580ffb0e9b87) Importer(815301076,1909f56bfc062723c751e8b465ee728b)
Start importing Assets/Sprites/Rotate.jpg using Guid(c3058ee3f0f33684d896580ffb0e9b87) Importer(815301076,1909f56bfc062723c751e8b465ee728b)  -> (artifact id: '7e71e515eb92ce887865a5250cfa59c7') in 0.023345 seconds 
  Import took 0.025912 seconds .

========================================================================
Received Import Request.
  Time since last request: 0.024413 seconds.
  path: Assets/Sprites/Put.jpg
  artifactKey: Guid(e32b3f709c0de6a4ea0c193257ab2a31) Importer(815301076,1909f56bfc062723c751e8b465ee728b)
Start importing Assets/Sprites/Put.jpg using Guid(e32b3f709c0de6a4ea0c193257ab2a31) Importer(815301076,1909f56bfc062723c751e8b465ee728b)  -> (artifact id: '572737efe4f2e92edbc37227b0fe78dc') in 0.023456 seconds 
  Import took 0.026760 seconds .

========================================================================
Received Import Request.
  Time since last request: 0.205217 seconds.
  path: Assets/Sprites/Preset.jpg
  artifactKey: Guid(502eefe388cc5774abf94f7c87f71bfe) Importer(815301076,1909f56bfc062723c751e8b465ee728b)
Start importing Assets/Sprites/Preset.jpg using Guid(502eefe388cc5774abf94f7c87f71bfe) Importer(815301076,1909f56bfc062723c751e8b465ee728b)  -> (artifact id: '617d7ac9e7b3368b8f29ddcf2de9f23a') in 0.013495 seconds 
  Import took 0.016024 seconds .

========================================================================
Received Import Request.
  Time since last request: 0.720657 seconds.
  path: Assets/Sprites/Play.jpg
  artifactKey: Guid(f626aedaa21067345982a9d876b3f6e7) Importer(815301076,1909f56bfc062723c751e8b465ee728b)
Start importing Assets/Sprites/Play.jpg using Guid(f626aedaa21067345982a9d876b3f6e7) Importer(815301076,1909f56bfc062723c751e8b465ee728b)  -> (artifact id: 'b503f71e4317c4c552abbfca5d658e75') in 0.018076 seconds 
  Import took 0.020657 seconds .

========================================================================
Received Import Request.
  Time since last request: 214.706786 seconds.
  path: Assets/Prefabs/BotShip 1.prefab
  artifactKey: Guid(ed4c96fef39b69e449e34505e4211fe1) Importer(815301076,1909f56bfc062723c751e8b465ee728b)
Start importing Assets/Prefabs/BotShip 1.prefab using Guid(ed4c96fef39b69e449e34505e4211fe1) Importer(815301076,1909f56bfc062723c751e8b465ee728b)  -> (artifact id: '9bb57ab236b4d4c45df52041eaab40f3') in 0.037229 seconds 
  Import took 0.040164 seconds .

========================================================================
Received Import Request.
  Time since last request: 1.399365 seconds.
  path: Assets/Prefabs/BotShip 4.prefab
  artifactKey: Guid(4f8aad85cef37f1428d162329648f51a) Importer(815301076,1909f56bfc062723c751e8b465ee728b)
Start importing Assets/Prefabs/BotShip 4.prefab using Guid(4f8aad85cef37f1428d162329648f51a) Importer(815301076,1909f56bfc062723c751e8b465ee728b)  -> (artifact id: 'af2648f5a391890d07790069a02b3868') in 0.015252 seconds 
  Import took 0.018188 seconds .

========================================================================
Received Import Request.
  Time since last request: 156.087327 seconds.
  path: Assets/Prefabs/Ship 4.prefab
  artifactKey: Guid(e9397164aa2ae554cb1c75d460a23e5d) Importer(815301076,1909f56bfc062723c751e8b465ee728b)
Start importing Assets/Prefabs/Ship 4.prefab using Guid(e9397164aa2ae554cb1c75d460a23e5d) Importer(815301076,1909f56bfc062723c751e8b465ee728b)  -> (artifact id: '864b5ea98a34f3b50f358f204ddcadec') in 0.289426 seconds 
  Import took 0.292230 seconds .

========================================================================
Received Import Request.
  Time since last request: 0.405240 seconds.
  path: Assets/Prefabs/BotShip 2.prefab
  artifactKey: Guid(89e087819bf9fd649acb89452b57bdba) Importer(815301076,1909f56bfc062723c751e8b465ee728b)
Start importing Assets/Prefabs/BotShip 2.prefab using Guid(89e087819bf9fd649acb89452b57bdba) Importer(815301076,1909f56bfc062723c751e8b465ee728b)  -> (artifact id: '83c429d754c00f06ecd7bd6a7f466479') in 0.018847 seconds 
  Import took 0.022146 seconds .

========================================================================
Received Import Request.
  Time since last request: 5.823327 seconds.
  path: Assets/Models/Table.fbx
  artifactKey: Guid(43be01b36c75f8148b5f3030f027f4c9) Importer(815301076,1909f56bfc062723c751e8b465ee728b)
Start importing Assets/Models/Table.fbx using Guid(43be01b36c75f8148b5f3030f027f4c9) Importer(815301076,1909f56bfc062723c751e8b465ee728b)  -> (artifact id: '3ca9e4a58c4e98935427e1be0e4510cf') in 0.101183 seconds 
  Import took 0.103849 seconds .

========================================================================
Received Import Request.
  Time since last request: 17.703491 seconds.
  path: Assets/Scenes/Main.unity
  artifactKey: Guid(c8a7e9f3ecc0f6847b010870145ca0b4) Importer(815301076,1909f56bfc062723c751e8b465ee728b)
Start importing Assets/Scenes/Main.unity using Guid(c8a7e9f3ecc0f6847b010870145ca0b4) Importer(815301076,1909f56bfc062723c751e8b465ee728b)  -> (artifact id: 'ffe2a2aa8d6989b735ab6de4bb5ab4d7') in 0.002471 seconds 
  Import took 0.005026 seconds .

AssetImportWorkerClient::OnTransportError - code=2 error=End of file
